\BOOKMARK [1][-]{section.1}{Introduction}{}% 1
\BOOKMARK [1][-]{section.2}{Related Work}{}% 2
\BOOKMARK [2][-]{subsection.2.1}{Device-Level Robustness}{section.2}% 3
\BOOKMARK [2][-]{subsection.2.2}{Design-Level Robustness}{section.2}% 4
\BOOKMARK [1][-]{section.3}{Background}{}% 5
\BOOKMARK [2][-]{subsection.3.1}{AVR Architecture}{section.3}% 6
\BOOKMARK [3][-]{subsubsection.3.1.1}{AVR SRAM}{subsection.3.1}% 7
\BOOKMARK [3][-]{subsubsection.3.1.2}{Stack Frame}{subsection.3.1}% 8
\BOOKMARK [3][-]{subsubsection.3.1.3}{Registers}{subsection.3.1}% 9
\BOOKMARK [2][-]{subsection.3.2}{Function Calls}{section.3}% 10
\BOOKMARK [2][-]{subsection.3.3}{Atmel AVR Toolchain}{section.3}% 11
\BOOKMARK [1][-]{section.4}{System Design and Implementation}{}% 12
\BOOKMARK [2][-]{subsection.4.1}{Supporting Memory Sections}{section.4}% 13
\BOOKMARK [2][-]{subsection.4.2}{Injected Code Segments}{section.4}% 14
\BOOKMARK [2][-]{subsection.4.3}{The ASM Handler}{section.4}% 15
\BOOKMARK [3][-]{subsubsection.4.3.1}{ASM Metadata}{subsection.4.3}% 16
\BOOKMARK [3][-]{subsubsection.4.3.2}{Reader}{subsection.4.3}% 17
\BOOKMARK [3][-]{subsubsection.4.3.3}{Scanner}{subsection.4.3}% 18
\BOOKMARK [3][-]{subsubsection.4.3.4}{Injector}{subsection.4.3}% 19
\BOOKMARK [2][-]{subsection.4.4}{Modified Function Execution Process}{section.4}% 20
\BOOKMARK [3][-]{subsubsection.4.4.1}{Modified Function Invocation Process}{subsection.4.4}% 21
\BOOKMARK [3][-]{subsubsection.4.4.2}{Modified Function Return Process}{subsection.4.4}% 22
\BOOKMARK [1][-]{section.5}{Evaluation}{}% 23
\BOOKMARK [2][-]{subsection.5.1}{Test Applications}{section.5}% 24
\BOOKMARK [2][-]{subsection.5.2}{Validation}{section.5}% 25
\BOOKMARK [2][-]{subsection.5.3}{Performance}{section.5}% 26
\BOOKMARK [1][-]{section.6}{Conclusion}{}% 27
\BOOKMARK [1][-]{section.7}{Acknowledgments}{}% 28
