This is pdfTeX, Version 3.1415926-2.3-1.40.12 (MiKTeX 2.9) (preloaded format=pdflatex 2012.12.19)  15 SEP 2014 18:05
entering extended mode
**typeinst.tex
(C:\Users\jonas\Downloads\llncs2e\typeinst.tex
LaTeX2e <2011/06/27>
Babel <v3.8m> and hyphenation patterns for english, afrikaans, ancientgreek, ar
abic, armenian, assamese, basque, bengali, bokmal, bulgarian, catalan, coptic, 
croatian, czech, danish, dutch, esperanto, estonian, farsi, finnish, french, ga
lician, german, german-x-2009-06-19, greek, gujarati, hindi, hungarian, iceland
ic, indonesian, interlingua, irish, italian, kannada, kurmanji, lao, latin, lat
vian, lithuanian, malayalam, marathi, mongolian, mongolianlmc, monogreek, ngerm
an, ngerman-x-2009-06-19, nynorsk, oriya, panjabi, pinyin, polish, portuguese, 
romanian, russian, sanskrit, serbian, slovak, slovenian, spanish, swedish, swis
sgerman, tamil, telugu, turkish, turkmen, ukenglish, ukrainian, uppersorbian, u
senglishmax, welsh, loaded.
(C:\Users\jonas\Downloads\llncs2e\llncs.cls
Document Class: llncs 2013/09/27 v2.18 
 LaTeX document class for Lecture Notes in Computer Science
("C:\Program Files (x86)\MiKTeX 2.9\tex\latex\base\article.cls"
Document Class: article 2007/10/19 v1.4h Standard LaTeX document class
("C:\Program Files (x86)\MiKTeX 2.9\tex\latex\base\size10.clo"
File: size10.clo 2007/10/19 v1.4h Standard LaTeX file (size option)
)
\c@part=\count79
\c@section=\count80
\c@subsection=\count81
\c@subsubsection=\count82
\c@paragraph=\count83
\c@subparagraph=\count84
\c@figure=\count85
\c@table=\count86
\abovecaptionskip=\skip41
\belowcaptionskip=\skip42
\bibindent=\dimen102
)
("C:\Program Files (x86)\MiKTeX 2.9\tex\latex\tools\multicol.sty"
Package: multicol 2011/06/27 v1.7a multicolumn formatting (FMi)
\c@tracingmulticols=\count87
\mult@box=\box26
\multicol@leftmargin=\dimen103
\c@unbalance=\count88
\c@collectmore=\count89
\doublecol@number=\count90
\multicoltolerance=\count91
\multicolpretolerance=\count92
\full@width=\dimen104
\page@free=\dimen105
\premulticols=\dimen106
\postmulticols=\dimen107
\multicolsep=\skip43
\multicolbaselineskip=\skip44
\partial@page=\box27
\last@line=\box28
\mult@rightbox=\box29
\mult@grightbox=\box30
\mult@gfirstbox=\box31
\mult@firstbox=\box32
\@tempa=\box33
\@tempa=\box34
\@tempa=\box35
\@tempa=\box36
\@tempa=\box37
\@tempa=\box38
\@tempa=\box39
\@tempa=\box40
\@tempa=\box41
\@tempa=\box42
\@tempa=\box43
\@tempa=\box44
\@tempa=\box45
\@tempa=\box46
\@tempa=\box47
\@tempa=\box48
\@tempa=\box49
\c@columnbadness=\count93
\c@finalcolumnbadness=\count94
\last@try=\dimen108
\multicolovershoot=\dimen109
\multicolundershoot=\dimen110
\mult@nat@firstbox=\box50
\colbreak@box=\box51
\multicol@sort@counter=\count95
)
(C:\Users\jonas\Downloads\llncs2e\aliascnt.sty
Package: aliascnt 2009/09/08 v1.3 Alias counter (HO)

(C:\Users\jonas\Downloads\llncs2e\remreset.sty))
\c@chapter=\count96
LaTeX Font Info:    Redeclaring math symbol \Gamma on input line 362.
LaTeX Font Info:    Redeclaring math symbol \Delta on input line 363.
LaTeX Font Info:    Redeclaring math symbol \Theta on input line 364.
LaTeX Font Info:    Redeclaring math symbol \Lambda on input line 365.
LaTeX Font Info:    Redeclaring math symbol \Xi on input line 366.
LaTeX Font Info:    Redeclaring math symbol \Pi on input line 367.
LaTeX Font Info:    Redeclaring math symbol \Sigma on input line 368.
LaTeX Font Info:    Redeclaring math symbol \Upsilon on input line 369.
LaTeX Font Info:    Redeclaring math symbol \Phi on input line 370.
LaTeX Font Info:    Redeclaring math symbol \Psi on input line 371.
LaTeX Font Info:    Redeclaring math symbol \Omega on input line 372.
\tocchpnum=\dimen111
\tocsecnum=\dimen112
\tocsectotal=\dimen113
\tocsubsecnum=\dimen114
\tocsubsectotal=\dimen115
\tocsubsubsecnum=\dimen116
\tocsubsubsectotal=\dimen117
\tocparanum=\dimen118
\tocparatotal=\dimen119
\tocsubparanum=\dimen120
\@tempcntc=\count97
\fnindent=\dimen121
\c@@inst=\count98
\c@@auth=\count99
\c@auco=\count100
\instindent=\dimen122
\authrun=\box52
\authorrunning=\toks14
\tocauthor=\toks15
\titrun=\box53
\titlerunning=\toks16
\toctitle=\toks17
\c@theorem=\count101
\c@case=\count102
\c@conjecture=\count103
\c@corollary=\count104
\c@definition=\count105
\c@example=\count106
\c@exercise=\count107
\c@lemma=\count108
\c@note=\count109
\c@problem=\count110
\c@property=\count111
\c@proposition=\count112
\c@question=\count113
\c@solution=\count114
\c@remark=\count115
\headlineindent=\dimen123
)
("C:\Program Files (x86)\MiKTeX 2.9\tex\latex\amsfonts\amssymb.sty"
Package: amssymb 2009/06/22 v3.00

("C:\Program Files (x86)\MiKTeX 2.9\tex\latex\amsfonts\amsfonts.sty"
Package: amsfonts 2009/06/22 v3.00 Basic AMSFonts support
\@emptytoks=\toks18
\symAMSa=\mathgroup4
\symAMSb=\mathgroup5
LaTeX Font Info:    Overwriting math alphabet `\mathfrak' in version `bold'
(Font)                  U/euf/m/n --> U/euf/b/n on input line 96.
))
("C:\Program Files (x86)\MiKTeX 2.9\tex\latex\graphics\graphicx.sty"
Package: graphicx 1999/02/16 v1.0f Enhanced LaTeX Graphics (DPC,SPQR)

("C:\Program Files (x86)\MiKTeX 2.9\tex\latex\graphics\keyval.sty"
Package: keyval 1999/03/16 v1.13 key=value parser (DPC)
\KV@toks@=\toks19
)
("C:\Program Files (x86)\MiKTeX 2.9\tex\latex\graphics\graphics.sty"
Package: graphics 2009/02/05 v1.0o Standard LaTeX Graphics (DPC,SPQR)

("C:\Program Files (x86)\MiKTeX 2.9\tex\latex\graphics\trig.sty"
Package: trig 1999/03/16 v1.09 sin cos tan (DPC)
)
("C:\Program Files (x86)\MiKTeX 2.9\tex\latex\00miktex\graphics.cfg"
File: graphics.cfg 2007/01/18 v1.5 graphics configuration of teTeX/TeXLive
)
Package graphics Info: Driver file: pdftex.def on input line 91.

("C:\Program Files (x86)\MiKTeX 2.9\tex\latex\pdftex-def\pdftex.def"
File: pdftex.def 2011/05/27 v0.06d Graphics/color for pdfTeX

("C:\Program Files (x86)\MiKTeX 2.9\tex\generic\oberdiek\infwarerr.sty"
Package: infwarerr 2010/04/08 v1.3 Providing info/warning/error messages (HO)
)
("C:\Program Files (x86)\MiKTeX 2.9\tex\generic\oberdiek\ltxcmds.sty"
Package: ltxcmds 2011/11/09 v1.22 LaTeX kernel commands for general use (HO)
)
\Gread@gobject=\count116
))
\Gin@req@height=\dimen124
\Gin@req@width=\dimen125
)
("C:\Program Files (x86)\MiKTeX 2.9\tex\latex\ltxmisc\url.sty"
\Urlmuskip=\muskip10
Package: url 2006/04/12  ver 3.3  Verb mode for urls, etc.
)
("C:\Program Files (x86)\MiKTeX 2.9\tex\latex\base\inputenc.sty"
Package: inputenc 2008/03/30 v1.1d Input encoding file
\inpenc@prehook=\toks20
\inpenc@posthook=\toks21

("C:\Program Files (x86)\MiKTeX 2.9\tex\latex\base\utf8.def"
File: utf8.def 2008/04/05 v1.1m UTF-8 support for inputenc
Now handling font encoding OML ...
... no UTF-8 mapping file for font encoding OML
Now handling font encoding T1 ...
... processing UTF-8 mapping file for font encoding T1

("C:\Program Files (x86)\MiKTeX 2.9\tex\latex\base\t1enc.dfu"
File: t1enc.dfu 2008/04/05 v1.1m UTF-8 support for inputenc
   defining Unicode char U+00A1 (decimal 161)
   defining Unicode char U+00A3 (decimal 163)
   defining Unicode char U+00AB (decimal 171)
   defining Unicode char U+00BB (decimal 187)
   defining Unicode char U+00BF (decimal 191)
   defining Unicode char U+00C0 (decimal 192)
   defining Unicode char U+00C1 (decimal 193)
   defining Unicode char U+00C2 (decimal 194)
   defining Unicode char U+00C3 (decimal 195)
   defining Unicode char U+00C4 (decimal 196)
   defining Unicode char U+00C5 (decimal 197)
   defining Unicode char U+00C6 (decimal 198)
   defining Unicode char U+00C7 (decimal 199)
   defining Unicode char U+00C8 (decimal 200)
   defining Unicode char U+00C9 (decimal 201)
   defining Unicode char U+00CA (decimal 202)
   defining Unicode char U+00CB (decimal 203)
   defining Unicode char U+00CC (decimal 204)
   defining Unicode char U+00CD (decimal 205)
   defining Unicode char U+00CE (decimal 206)
   defining Unicode char U+00CF (decimal 207)
   defining Unicode char U+00D0 (decimal 208)
   defining Unicode char U+00D1 (decimal 209)
   defining Unicode char U+00D2 (decimal 210)
   defining Unicode char U+00D3 (decimal 211)
   defining Unicode char U+00D4 (decimal 212)
   defining Unicode char U+00D5 (decimal 213)
   defining Unicode char U+00D6 (decimal 214)
   defining Unicode char U+00D8 (decimal 216)
   defining Unicode char U+00D9 (decimal 217)
   defining Unicode char U+00DA (decimal 218)
   defining Unicode char U+00DB (decimal 219)
   defining Unicode char U+00DC (decimal 220)
   defining Unicode char U+00DD (decimal 221)
   defining Unicode char U+00DE (decimal 222)
   defining Unicode char U+00DF (decimal 223)
   defining Unicode char U+00E0 (decimal 224)
   defining Unicode char U+00E1 (decimal 225)
   defining Unicode char U+00E2 (decimal 226)
   defining Unicode char U+00E3 (decimal 227)
   defining Unicode char U+00E4 (decimal 228)
   defining Unicode char U+00E5 (decimal 229)
   defining Unicode char U+00E6 (decimal 230)
   defining Unicode char U+00E7 (decimal 231)
   defining Unicode char U+00E8 (decimal 232)
   defining Unicode char U+00E9 (decimal 233)
   defining Unicode char U+00EA (decimal 234)
   defining Unicode char U+00EB (decimal 235)
   defining Unicode char U+00EC (decimal 236)
   defining Unicode char U+00ED (decimal 237)
   defining Unicode char U+00EE (decimal 238)
   defining Unicode char U+00EF (decimal 239)
   defining Unicode char U+00F0 (decimal 240)
   defining Unicode char U+00F1 (decimal 241)
   defining Unicode char U+00F2 (decimal 242)
   defining Unicode char U+00F3 (decimal 243)
   defining Unicode char U+00F4 (decimal 244)
   defining Unicode char U+00F5 (decimal 245)
   defining Unicode char U+00F6 (decimal 246)
   defining Unicode char U+00F8 (decimal 248)
   defining Unicode char U+00F9 (decimal 249)
   defining Unicode char U+00FA (decimal 250)
   defining Unicode char U+00FB (decimal 251)
   defining Unicode char U+00FC (decimal 252)
   defining Unicode char U+00FD (decimal 253)
   defining Unicode char U+00FE (decimal 254)
   defining Unicode char U+00FF (decimal 255)
   defining Unicode char U+0102 (decimal 258)
   defining Unicode char U+0103 (decimal 259)
   defining Unicode char U+0104 (decimal 260)
   defining Unicode char U+0105 (decimal 261)
   defining Unicode char U+0106 (decimal 262)
   defining Unicode char U+0107 (decimal 263)
   defining Unicode char U+010C (decimal 268)
   defining Unicode char U+010D (decimal 269)
   defining Unicode char U+010E (decimal 270)
   defining Unicode char U+010F (decimal 271)
   defining Unicode char U+0110 (decimal 272)
   defining Unicode char U+0111 (decimal 273)
   defining Unicode char U+0118 (decimal 280)
   defining Unicode char U+0119 (decimal 281)
   defining Unicode char U+011A (decimal 282)
   defining Unicode char U+011B (decimal 283)
   defining Unicode char U+011E (decimal 286)
   defining Unicode char U+011F (decimal 287)
   defining Unicode char U+0130 (decimal 304)
   defining Unicode char U+0131 (decimal 305)
   defining Unicode char U+0132 (decimal 306)
   defining Unicode char U+0133 (decimal 307)
   defining Unicode char U+0139 (decimal 313)
   defining Unicode char U+013A (decimal 314)
   defining Unicode char U+013D (decimal 317)
   defining Unicode char U+013E (decimal 318)
   defining Unicode char U+0141 (decimal 321)
   defining Unicode char U+0142 (decimal 322)
   defining Unicode char U+0143 (decimal 323)
   defining Unicode char U+0144 (decimal 324)
   defining Unicode char U+0147 (decimal 327)
   defining Unicode char U+0148 (decimal 328)
   defining Unicode char U+014A (decimal 330)
   defining Unicode char U+014B (decimal 331)
   defining Unicode char U+0150 (decimal 336)
   defining Unicode char U+0151 (decimal 337)
   defining Unicode char U+0152 (decimal 338)
   defining Unicode char U+0153 (decimal 339)
   defining Unicode char U+0154 (decimal 340)
   defining Unicode char U+0155 (decimal 341)
   defining Unicode char U+0158 (decimal 344)
   defining Unicode char U+0159 (decimal 345)
   defining Unicode char U+015A (decimal 346)
   defining Unicode char U+015B (decimal 347)
   defining Unicode char U+015E (decimal 350)
   defining Unicode char U+015F (decimal 351)
   defining Unicode char U+0160 (decimal 352)
   defining Unicode char U+0161 (decimal 353)
   defining Unicode char U+0162 (decimal 354)
   defining Unicode char U+0163 (decimal 355)
   defining Unicode char U+0164 (decimal 356)
   defining Unicode char U+0165 (decimal 357)
   defining Unicode char U+016E (decimal 366)
   defining Unicode char U+016F (decimal 367)
   defining Unicode char U+0170 (decimal 368)
   defining Unicode char U+0171 (decimal 369)
   defining Unicode char U+0178 (decimal 376)
   defining Unicode char U+0179 (decimal 377)
   defining Unicode char U+017A (decimal 378)
   defining Unicode char U+017B (decimal 379)
   defining Unicode char U+017C (decimal 380)
   defining Unicode char U+017D (decimal 381)
   defining Unicode char U+017E (decimal 382)
   defining Unicode char U+200C (decimal 8204)
   defining Unicode char U+2013 (decimal 8211)
   defining Unicode char U+2014 (decimal 8212)
   defining Unicode char U+2018 (decimal 8216)
   defining Unicode char U+2019 (decimal 8217)
   defining Unicode char U+201A (decimal 8218)
   defining Unicode char U+201C (decimal 8220)
   defining Unicode char U+201D (decimal 8221)
   defining Unicode char U+201E (decimal 8222)
   defining Unicode char U+2030 (decimal 8240)
   defining Unicode char U+2031 (decimal 8241)
   defining Unicode char U+2039 (decimal 8249)
   defining Unicode char U+203A (decimal 8250)
   defining Unicode char U+2423 (decimal 9251)
)
Now handling font encoding OT1 ...
... processing UTF-8 mapping file for font encoding OT1

("C:\Program Files (x86)\MiKTeX 2.9\tex\latex\base\ot1enc.dfu"
File: ot1enc.dfu 2008/04/05 v1.1m UTF-8 support for inputenc
   defining Unicode char U+00A1 (decimal 161)
   defining Unicode char U+00A3 (decimal 163)
   defining Unicode char U+00B8 (decimal 184)
   defining Unicode char U+00BF (decimal 191)
   defining Unicode char U+00C5 (decimal 197)
   defining Unicode char U+00C6 (decimal 198)
   defining Unicode char U+00D8 (decimal 216)
   defining Unicode char U+00DF (decimal 223)
   defining Unicode char U+00E6 (decimal 230)
   defining Unicode char U+00EC (decimal 236)
   defining Unicode char U+00ED (decimal 237)
   defining Unicode char U+00EE (decimal 238)
   defining Unicode char U+00EF (decimal 239)
   defining Unicode char U+00F8 (decimal 248)
   defining Unicode char U+0131 (decimal 305)
   defining Unicode char U+0141 (decimal 321)
   defining Unicode char U+0142 (decimal 322)
   defining Unicode char U+0152 (decimal 338)
   defining Unicode char U+0153 (decimal 339)
   defining Unicode char U+2013 (decimal 8211)
   defining Unicode char U+2014 (decimal 8212)
   defining Unicode char U+2018 (decimal 8216)
   defining Unicode char U+2019 (decimal 8217)
   defining Unicode char U+201C (decimal 8220)
   defining Unicode char U+201D (decimal 8221)
)
Now handling font encoding OMS ...
... processing UTF-8 mapping file for font encoding OMS

("C:\Program Files (x86)\MiKTeX 2.9\tex\latex\base\omsenc.dfu"
File: omsenc.dfu 2008/04/05 v1.1m UTF-8 support for inputenc
   defining Unicode char U+00A7 (decimal 167)
   defining Unicode char U+00B6 (decimal 182)
   defining Unicode char U+00B7 (decimal 183)
   defining Unicode char U+2020 (decimal 8224)
   defining Unicode char U+2021 (decimal 8225)
   defining Unicode char U+2022 (decimal 8226)
)
Now handling font encoding OMX ...
... no UTF-8 mapping file for font encoding OMX
Now handling font encoding U ...
... no UTF-8 mapping file for font encoding U
   defining Unicode char U+00A9 (decimal 169)
   defining Unicode char U+00AA (decimal 170)
   defining Unicode char U+00AE (decimal 174)
   defining Unicode char U+00BA (decimal 186)
   defining Unicode char U+02C6 (decimal 710)
   defining Unicode char U+02DC (decimal 732)
   defining Unicode char U+200C (decimal 8204)
   defining Unicode char U+2026 (decimal 8230)
   defining Unicode char U+2122 (decimal 8482)
   defining Unicode char U+2423 (decimal 9251)
))
(C:\Users\jonas\AppData\Roaming\MiKTeX\2.9\tex\latex\cite\cite.sty
LaTeX Info: Redefining \cite on input line 302.
LaTeX Info: Redefining \nocite on input line 373.
Package: cite 2010/09/10  v 5.3
)
(C:\Users\jonas\AppData\Roaming\MiKTeX\2.9\tex\latex\comment\comment.sty
\CommentStream=\write3

Excluding comment 'comment')
(C:\Users\jonas\AppData\Roaming\MiKTeX\2.9\tex\latex\listings\listings.sty
\lst@mode=\count117
\lst@gtempboxa=\box54
\lst@token=\toks22
\lst@length=\count118
\lst@currlwidth=\dimen126
\lst@column=\count119
\lst@pos=\count120
\lst@lostspace=\dimen127
\lst@width=\dimen128
\lst@newlines=\count121
\lst@lineno=\count122
\lst@maxwidth=\dimen129

(C:\Users\jonas\AppData\Roaming\MiKTeX\2.9\tex\latex\listings\lstmisc.sty
File: lstmisc.sty 2007/02/22 1.4 (Carsten Heinz)
\c@lstnumber=\count123
\lst@skipnumbers=\count124
\lst@framebox=\box55
)
(C:\Users\jonas\AppData\Roaming\MiKTeX\2.9\tex\latex\listings\listings.cfg
File: listings.cfg 2007/02/22 1.4 listings configuration
))
Package: listings 2007/02/22 1.4 (Carsten Heinz)

("C:\Program Files (x86)\MiKTeX 2.9\tex\latex\multirow\multirow.sty"
\bigstrutjot=\dimen130
)
("C:\Program Files (x86)\MiKTeX 2.9\tex\latex\hyperref\hyperref.sty"
Package: hyperref 2012/05/13 v6.82q Hypertext links for LaTeX

("C:\Program Files (x86)\MiKTeX 2.9\tex\generic\oberdiek\hobsub-hyperref.sty"
Package: hobsub-hyperref 2012/04/25 v1.12 Bundle oberdiek, subset hyperref (HO)


("C:\Program Files (x86)\MiKTeX 2.9\tex\generic\oberdiek\hobsub-generic.sty"
Package: hobsub-generic 2012/04/25 v1.12 Bundle oberdiek, subset generic (HO)
Package: hobsub 2012/04/25 v1.12 Construct package bundles (HO)
Package hobsub Info: Skipping package `infwarerr' (already loaded).
Package hobsub Info: Skipping package `ltxcmds' (already loaded).
Package: ifluatex 2010/03/01 v1.3 Provides the ifluatex switch (HO)
Package ifluatex Info: LuaTeX not detected.
Package: ifvtex 2010/03/01 v1.5 Detect VTeX and its facilities (HO)
Package ifvtex Info: VTeX not detected.
Package: intcalc 2007/09/27 v1.1 Expandable calculations with integers (HO)
Package: ifpdf 2011/01/30 v2.3 Provides the ifpdf switch (HO)
Package ifpdf Info: pdfTeX in PDF mode is detected.
Package: etexcmds 2011/02/16 v1.5 Avoid name clashes with e-TeX commands (HO)
Package etexcmds Info: Could not find \expanded.
(etexcmds)             That can mean that you are not using pdfTeX 1.50 or
(etexcmds)             that some package has redefined \expanded.
(etexcmds)             In the latter case, load this package earlier.
Package: kvsetkeys 2012/04/25 v1.16 Key value parser (HO)
Package: kvdefinekeys 2011/04/07 v1.3 Define keys (HO)
Package: pdftexcmds 2011/11/29 v0.20 Utility functions of pdfTeX for LuaTeX (HO
)
Package pdftexcmds Info: LuaTeX not detected.
Package pdftexcmds Info: \pdf@primitive is available.
Package pdftexcmds Info: \pdf@ifprimitive is available.
Package pdftexcmds Info: \pdfdraftmode found.
Package: pdfescape 2011/11/25 v1.13 Implements pdfTeX's escape features (HO)
Package: bigintcalc 2012/04/08 v1.3 Expandable calculations on big integers (HO
)
Package: bitset 2011/01/30 v1.1 Handle bit-vector datatype (HO)
Package: uniquecounter 2011/01/30 v1.2 Provide unlimited unique counter (HO)
)
Package hobsub Info: Skipping package `hobsub' (already loaded).
Package: letltxmacro 2010/09/02 v1.4 Let assignment for LaTeX macros (HO)
Package: hopatch 2011/06/24 v1.1 Wrapper for package hooks (HO)
Package: xcolor-patch 2011/01/30 xcolor patch
Package: atveryend 2011/06/30 v1.8 Hooks at the very end of document (HO)
Package atveryend Info: \enddocument detected (standard20110627).
Package: atbegshi 2011/10/05 v1.16 At begin shipout hook (HO)
Package: refcount 2011/10/16 v3.4 Data extraction from label references (HO)
Package: hycolor 2011/01/30 v1.7 Color options for hyperref/bookmark (HO)
)
("C:\Program Files (x86)\MiKTeX 2.9\tex\generic\ifxetex\ifxetex.sty"
Package: ifxetex 2010/09/12 v0.6 Provides ifxetex conditional
)
("C:\Program Files (x86)\MiKTeX 2.9\tex\latex\oberdiek\kvoptions.sty"
Package: kvoptions 2011/06/30 v3.11 Key value format for package options (HO)
)
\@linkdim=\dimen131
\Hy@linkcounter=\count125
\Hy@pagecounter=\count126

("C:\Program Files (x86)\MiKTeX 2.9\tex\latex\hyperref\pd1enc.def"
File: pd1enc.def 2012/05/13 v6.82q Hyperref: PDFDocEncoding definition (HO)
Now handling font encoding PD1 ...
... no UTF-8 mapping file for font encoding PD1
)
\Hy@SavedSpaceFactor=\count127

("C:\Program Files (x86)\MiKTeX 2.9\tex\latex\00miktex\hyperref.cfg"
File: hyperref.cfg 2002/06/06 v1.2 hyperref configuration of TeXLive
)
Package hyperref Info: Hyper figures OFF on input line 4062.
Package hyperref Info: Link nesting OFF on input line 4067.
Package hyperref Info: Hyper index ON on input line 4070.
Package hyperref Info: Plain pages OFF on input line 4077.
Package hyperref Info: Backreferencing OFF on input line 4082.
Package hyperref Info: Implicit mode ON; LaTeX internals redefined.
Package hyperref Info: Bookmarks ON on input line 4300.
\c@Hy@tempcnt=\count128
LaTeX Info: Redefining \url on input line 4653.
\Fld@menulength=\count129
\Field@Width=\dimen132
\Fld@charsize=\dimen133
Package hyperref Info: Hyper figures OFF on input line 5773.
Package hyperref Info: Link nesting OFF on input line 5778.
Package hyperref Info: Hyper index ON on input line 5781.
Package hyperref Info: backreferencing OFF on input line 5788.
Package hyperref Info: Link coloring OFF on input line 5793.
Package hyperref Info: Link coloring with OCG OFF on input line 5798.
Package hyperref Info: PDF/A mode OFF on input line 5803.
LaTeX Info: Redefining \ref on input line 5843.
LaTeX Info: Redefining \pageref on input line 5847.
\Hy@abspage=\count130
\c@Item=\count131
\c@Hfootnote=\count132
)

Package hyperref Message: Driver (autodetected): hpdftex.

("C:\Program Files (x86)\MiKTeX 2.9\tex\latex\hyperref\hpdftex.def"
File: hpdftex.def 2012/05/13 v6.82q Hyperref driver for pdfTeX
\Fld@listcount=\count133
\c@bookmark@seq@number=\count134

("C:\Program Files (x86)\MiKTeX 2.9\tex\latex\oberdiek\rerunfilecheck.sty"
Package: rerunfilecheck 2011/04/15 v1.7 Rerun checks for auxiliary files (HO)
Package uniquecounter Info: New unique counter `rerunfilecheck' on input line 2
82.
)
\Hy@SectionHShift=\skip45
)
(C:\Users\jonas\AppData\Roaming\MiKTeX\2.9\tex\latex\caption\subcaption.sty
Package: subcaption 2013/02/03 v1.1-62 Sub-captions (AR)

(C:\Users\jonas\AppData\Roaming\MiKTeX\2.9\tex\latex\caption\caption.sty
Package: caption 2013/04/14 v3.3-73 Customizing captions (AR)

(C:\Users\jonas\AppData\Roaming\MiKTeX\2.9\tex\latex\caption\caption3.sty
Package: caption3 2013/04/14 v1.5-71 caption3 kernel (AR)
\captionmargin=\dimen134
\captionmargin@=\dimen135
\captionwidth=\dimen136
\caption@tempdima=\dimen137
\caption@indent=\dimen138
\caption@parindent=\dimen139
\caption@hangindent=\dimen140
Package caption Info: Unknown document class (or package),
(caption)             standard defaults will be used.
)

Package caption Warning: Unsupported document class (or package) detected,
(caption)                usage of the caption package is not recommended.
See the caption package documentation for explanation.

Package caption Info: \@makecaption = \long macro:#1#2->\small \vskip \abovecap
tionskip \sbox \@tempboxa {{\bfseries #1.} #2}\ifdim \wd \@tempboxa >\hsize {\b
fseries #1.} #2\par \else \global \@minipagefalse \hb@xt@ \hsize {\hfil \box \@
tempboxa \hfil }\fi \vskip \belowcaptionskip .
\c@ContinuedFloat=\count135
Package caption Info: hyperref package is loaded.
Package caption Info: listings package is loaded.
)
\c@subfigure=\count136
\c@subtable=\count137
) ("C:\Program Files (x86)\MiKTeX 2.9\tex\latex\tools\tabularx.sty"
Package: tabularx 1999/01/07 v2.07 `tabularx' package (DPC)

("C:\Program Files (x86)\MiKTeX 2.9\tex\latex\tools\array.sty"
Package: array 2008/09/09 v2.4c Tabular extension package (FMi)
\col@sep=\dimen141
\extrarowheight=\dimen142
\NC@list=\toks23
\extratabsurround=\skip46
\backup@length=\skip47
)
\TX@col@width=\dimen143
\TX@old@table=\dimen144
\TX@old@col=\dimen145
\TX@target=\dimen146
\TX@delta=\dimen147
\TX@cols=\count138
\TX@ftn=\toks24
)
("C:\Program Files (x86)\MiKTeX 2.9\tex\latex\graphics\color.sty"
Package: color 2005/11/14 v1.0j Standard LaTeX Color (DPC)

("C:\Program Files (x86)\MiKTeX 2.9\tex\latex\00miktex\color.cfg"
File: color.cfg 2007/01/18 v1.5 color configuration of teTeX/TeXLive
)
Package color Info: Driver file: pdftex.def on input line 130.
)
("C:\Program Files (x86)\MiKTeX 2.9\tex\latex\float\float.sty"
Package: float 2001/11/08 v1.3d Float enhancements (AL)
\c@float@type=\count139
\float@exts=\toks25
\float@box=\box56
\@float@everytoks=\toks26
\@floatcapt=\box57
)
("C:\Program Files (x86)\MiKTeX 2.9\tex\latex\ams\math\amsmath.sty"
Package: amsmath 2000/07/18 v2.13 AMS math features
\@mathmargin=\skip48

For additional information on amsmath, use the `?' option.
("C:\Program Files (x86)\MiKTeX 2.9\tex\latex\ams\math\amstext.sty"
Package: amstext 2000/06/29 v2.01

("C:\Program Files (x86)\MiKTeX 2.9\tex\latex\ams\math\amsgen.sty"
File: amsgen.sty 1999/11/30 v2.0
\@emptytoks=\toks27
\ex@=\dimen148
))
("C:\Program Files (x86)\MiKTeX 2.9\tex\latex\ams\math\amsbsy.sty"
Package: amsbsy 1999/11/29 v1.2d
\pmbraise@=\dimen149
)
("C:\Program Files (x86)\MiKTeX 2.9\tex\latex\ams\math\amsopn.sty"
Package: amsopn 1999/12/14 v2.01 operator names
)
\inf@bad=\count140
LaTeX Info: Redefining \frac on input line 211.
\uproot@=\count141
\leftroot@=\count142
LaTeX Info: Redefining \overline on input line 307.
\classnum@=\count143
\DOTSCASE@=\count144
LaTeX Info: Redefining \ldots on input line 379.
LaTeX Info: Redefining \dots on input line 382.
LaTeX Info: Redefining \cdots on input line 467.
\Mathstrutbox@=\box58
\strutbox@=\box59
\big@size=\dimen150
LaTeX Font Info:    Redeclaring font encoding OML on input line 567.
LaTeX Font Info:    Redeclaring font encoding OMS on input line 568.


Package amsmath Warning: Unable to redefine math accent \vec.

\macc@depth=\count145
\c@MaxMatrixCols=\count146
\dotsspace@=\muskip11
\c@parentequation=\count147
\dspbrk@lvl=\count148
\tag@help=\toks28
\row@=\count149
\column@=\count150
\maxfields@=\count151
\andhelp@=\toks29
\eqnshift@=\dimen151
\alignsep@=\dimen152
\tagshift@=\dimen153
\tagwidth@=\dimen154
\totwidth@=\dimen155
\lineht@=\dimen156
\@envbody=\toks30
\multlinegap=\skip49
\multlinetaggap=\skip50
\mathdisplay@stack=\toks31
LaTeX Info: Redefining \[ on input line 2666.
LaTeX Info: Redefining \] on input line 2667.
) (C:\Users\jonas\AppData\Roaming\MiKTeX\2.9\tex\latex\listings\lstlang1.sty
File: lstlang1.sty 2004/09/05 1.3 listings language file
)
(C:\Users\jonas\AppData\Roaming\MiKTeX\2.9\tex\latex\listings\lstmisc.sty
File: lstmisc.sty 2007/02/22 1.4 (Carsten Heinz)
)
(C:\Users\jonas\Downloads\llncs2e\typeinst.aux

LaTeX Warning: Label `eq_seu1' multiply defined.

)
LaTeX Font Info:    Checking defaults for OML/cmm/m/it on input line 81.
LaTeX Font Info:    ... okay on input line 81.
LaTeX Font Info:    Checking defaults for T1/cmr/m/n on input line 81.
LaTeX Font Info:    ... okay on input line 81.
LaTeX Font Info:    Checking defaults for OT1/cmr/m/n on input line 81.
LaTeX Font Info:    ... okay on input line 81.
LaTeX Font Info:    Checking defaults for OMS/cmsy/m/n on input line 81.
LaTeX Font Info:    ... okay on input line 81.
LaTeX Font Info:    Checking defaults for OMX/cmex/m/n on input line 81.
LaTeX Font Info:    ... okay on input line 81.
LaTeX Font Info:    Checking defaults for U/cmr/m/n on input line 81.
LaTeX Font Info:    ... okay on input line 81.
LaTeX Font Info:    Checking defaults for PD1/pdf/m/n on input line 81.
LaTeX Font Info:    ... okay on input line 81.
 (C:\Users\jonas\AppData\Roaming\MiKTeX\2.9\tex\context\base\supp-pdf.mkii
[Loading MPS to PDF converter (version 2006.09.02).]
\scratchcounter=\count152
\scratchdimen=\dimen157
\scratchbox=\box60
\nofMPsegments=\count153
\nofMParguments=\count154
\everyMPshowfont=\toks32
\MPscratchCnt=\count155
\MPscratchDim=\dimen158
\MPnumerator=\count156
\makeMPintoPDFobject=\count157
\everyMPtoPDFconversion=\toks33
)
\c@lstlisting=\count158
\AtBeginShipoutBox=\box61
Package hyperref Info: Link coloring OFF on input line 81.
 ("C:\Program Files (x86)\MiKTeX 2.9\tex\latex\hyperref\nameref.sty"
Package: nameref 2010/04/30 v2.40 Cross-referencing by name of section

("C:\Program Files (x86)\MiKTeX 2.9\tex\generic\oberdiek\gettitlestring.sty"
Package: gettitlestring 2010/12/03 v1.4 Cleanup title references (HO)
)
\c@section@level=\count159
)
LaTeX Info: Redefining \ref on input line 81.
LaTeX Info: Redefining \pageref on input line 81.
LaTeX Info: Redefining \nameref on input line 81.

(C:\Users\jonas\Downloads\llncs2e\typeinst.out)
(C:\Users\jonas\Downloads\llncs2e\typeinst.out)
\@outlinefile=\write4
Package caption Info: Begin \AtBeginDocument code.
Package caption Info: float package is loaded.
Package caption Info: End \AtBeginDocument code.
LaTeX Font Info:    Try loading font information for U+msa on input line 128.

("C:\Program Files (x86)\MiKTeX 2.9\tex\latex\amsfonts\umsa.fd"
File: umsa.fd 2009/06/22 v3.00 AMS symbols A
)
LaTeX Font Info:    Try loading font information for U+msb on input line 128.

("C:\Program Files (x86)\MiKTeX 2.9\tex\latex\amsfonts\umsb.fd"
File: umsb.fd 2009/06/22 v3.00 AMS symbols B
)
(C:\Users\jonas\Downloads\llncs2e\abstract.tex)
(C:\Users\jonas\Downloads\llncs2e\introduction.tex [1


{C:/Users/jonas/AppData/Local/MiKTeX/2.9/pdftex/config/pdftex.map}])
(C:\Users\jonas\Downloads\llncs2e\related_work.tex [2]
Underfull \vbox (badness 1102) has occurred while \output is active []

 [3])
(C:\Users\jonas\Downloads\llncs2e\background.tex

pdfTeX warning: pdflatex.exe (file C:/Users/jonas/Downloads/llncs2e/figures/sta
ck_frame_v2.pdf): PDF inclusion: found PDF version <1.7>, but at most version <
1.5> allowed
<figures/stack_frame_v2.pdf, id=182, 390.45876pt x 354.32375pt>
File: figures/stack_frame_v2.pdf Graphic file (type pdf)

<use figures/stack_frame_v2.pdf>
Package pdftex.def Info: figures/stack_frame_v2.pdf used on input line 12.
(pdftex.def)             Requested size: 214.75298pt x 194.87866pt.
 [4]
<figures/original_function_operations_process_v3.pdf, id=193, 111.41624pt x 274
.02374pt>
File: figures/original_function_operations_process_v3.pdf Graphic file (type pd
f)
 <use figures/original_function_operations_process_v3.pdf>
Package pdftex.def Info: figures/original_function_operations_process_v3.pdf us
ed on input line 25.
(pdftex.def)             Requested size: 138.85854pt x 341.45844pt.

<figures/original_function_operations_stack_v2.pdf, id=194, 220.825pt x 402.503
75pt>
File: figures/original_function_operations_stack_v2.pdf Graphic file (type pdf)

 <use figures/original_function_operations_stack_v2.pdf>
Package pdftex.def Info: figures/original_function_operations_stack_v2.pdf used
 on input line 30.
(pdftex.def)             Requested size: 208.28648pt x 327.20546pt.

Overfull \hbox (4.11107pt too wide) in paragraph at lines 24--35
 [][]  [] 
 []

[5 <C:/Users/jonas/Downloads/llncs2e/figures/stack_frame_v2.pdf>])
(C:\Users\jonas\Downloads\llncs2e\design.tex [6 <C:/Users/jonas/Downloads/llncs
2e/figures/original_function_operations_process_v3.pdf> <C:/Users/jonas/Downloa
ds/llncs2e/figures/original_function_operations_stack_v2.pdf>]
<figures/modified_memory_model.pdf, id=342, 643.40375pt x 186.6975pt>
File: figures/modified_memory_model.pdf Graphic file (type pdf)

<use figures/modified_memory_model.pdf>
Package pdftex.def Info: figures/modified_memory_model.pdf used on input line 1
6.
(pdftex.def)             Requested size: 225.19469pt x 65.3451pt.
 [7 <C:/Users/jonas/Downloads/llncs2e/figures/modified_memory_model.pdf>] [8] [
9]
<figures/modified_function_operations_process_pre_execution_v2.pdf, id=400, 113
.42375pt x 512.91624pt>
File: figures/modified_function_operations_process_pre_execution_v2.pdf Graphic
 file (type pdf)

<use figures/modified_function_operations_process_pre_execution_v2.pdf>
Package pdftex.def Info: figures/modified_function_operations_process_pre_execu
tion_v2.pdf used on input line 115.
(pdftex.def)             Requested size: 138.8475pt x 341.43721pt.

<figures/modified_function_operations_stack_pre_execution_v2.pdf, id=401, 220.8
25pt x 440.64626pt>
File: figures/modified_function_operations_stack_pre_execution_v2.pdf Graphic f
ile (type pdf)

<use figures/modified_function_operations_stack_pre_execution_v2.pdf>
Package pdftex.def Info: figures/modified_function_operations_stack_pre_executi
on_v2.pdf used on input line 120.
(pdftex.def)             Requested size: 208.28648pt x 341.44353pt.

Overfull \hbox (4.11107pt too wide) in paragraph at lines 114--125
 [][]  [] 
 []


LaTeX Warning: `h' float specifier changed to `ht'.

[10]
<figures/modified_function_operations_process_post_execution_v2.pdf, id=411, 21
0.7875pt x 515.9275pt>
File: figures/modified_function_operations_process_post_execution_v2.pdf Graphi
c file (type pdf)

<use figures/modified_function_operations_process_post_execution_v2.pdf>
Package pdftex.def Info: figures/modified_function_operations_process_post_exec
ution_v2.pdf used on input line 137.
(pdftex.def)             Requested size: 173.56412pt x 341.44214pt.

<figures/modified_function_operations_stack_post_execution_v2.pdf, id=412, 225.
84375pt x 452.69125pt>
File: figures/modified_function_operations_stack_post_execution_v2.pdf Graphic 
file (type pdf)

<use figures/modified_function_operations_stack_post_execution_v2.pdf>
Package pdftex.def Info: figures/modified_function_operations_stack_post_execut
ion_v2.pdf used on input line 142.
(pdftex.def)             Requested size: 173.57283pt x 341.43097pt.

Overfull \hbox (4.11108pt too wide) in paragraph at lines 136--147
 [][]  [] 
 []

[11 <C:/Users/jonas/Downloads/llncs2e/figures/modified_function_operations_proc
ess_pre_execution_v2.pdf> <C:/Users/jonas/Downloads/llncs2e/figures/modified_fu
nction_operations_stack_pre_execution_v2.pdf>] [12 <C:/Users/jonas/Downloads/ll
ncs2e/figures/modified_function_operations_process_post_execution_v2.pdf> <C:/U
sers/jonas/Downloads/llncs2e/figures/modified_function_operations_stack_post_ex
ecution_v2.pdf>]) (C:\Users\jonas\Downloads\llncs2e\evaluation.tex
<figures/stacksize_usage_v3.pdf, id=755, 851.18pt x 631.35875pt>
File: figures/stacksize_usage_v3.pdf Graphic file (type pdf)

<use figures/stacksize_usage_v3.pdf>
Package pdftex.def Info: figures/stacksize_usage_v3.pdf used on input line 7.
(pdftex.def)             Requested size: 260.34265pt x 193.10844pt.
 [13 <C:/Users/jonas/Downloads/llncs2e/figures/stacksize_usage_v3.pdf>] [14] [1
5]
<figures/success_probability_v2.pdf, id=826, 696.6025pt x 289.08pt>
File: figures/success_probability_v2.pdf Graphic file (type pdf)

<use figures/success_probability_v2.pdf>
Package pdftex.def Info: figures/success_probability_v2.pdf used on input line 
80.
(pdftex.def)             Requested size: 260.34306pt x 129.99657pt.
 [16 <C:/Users/jonas/Downloads/llncs2e/figures/success_probability_v2.pdf>]
Underfull \hbox (badness 10000) in paragraph at lines 96--96
[]|\OT1/cmr/bx/n/9 Clock
 []


Underfull \hbox (badness 10000) in paragraph at lines 96--96
[]|\OT1/cmr/bx/n/9 ROM
 []

<figures/space_overhead.pdf, id=858, 509.905pt x 373.395pt>
File: figures/space_overhead.pdf Graphic file (type pdf)

<use figures/space_overhead.pdf>
Package pdftex.def Info: figures/space_overhead.pdf used on input line 116.
(pdftex.def)             Requested size: 239.65538pt x 175.49567pt.

<figures/speed_overhead_line_chart_v1.pdf, id=859, 554.07pt x 329.23pt>
File: figures/speed_overhead_line_chart_v1.pdf Graphic file (type pdf)

<use figures/speed_overhead_line_chart_v1.pdf>
Package pdftex.def Info: figures/speed_overhead_line_chart_v1.pdf used on input
 line 123.
(pdftex.def)             Requested size: 260.34265pt x 154.69792pt.

<figures/experiment1.pdf, id=860, 585.18625pt x 236.885pt>
File: figures/experiment1.pdf Graphic file (type pdf)

<use figures/experiment1.pdf>
Package pdftex.def Info: figures/experiment1.pdf used on input line 130.
(pdftex.def)             Requested size: 260.34265pt x 105.38998pt.


LaTeX Warning: `h' float specifier changed to `ht'.


LaTeX Warning: `h' float specifier changed to `ht'.


LaTeX Warning: `h' float specifier changed to `ht'.

[17] [18 <C:/Users/jonas/Downloads/llncs2e/figures/space_overhead.pdf>])
(C:\Users\jonas\Downloads\llncs2e\conclusion.tex [19 <C:/Users/jonas/Downloads/
llncs2e/figures/speed_overhead_line_chart_v1.pdf> <C:/Users/jonas/Downloads/lln
cs2e/figures/experiment1.pdf>] [20])
(C:\Users\jonas\Downloads\llncs2e\acknowledgments.tex)
(C:\Users\jonas\Downloads\llncs2e\typeinst.bbl
Underfull \hbox (badness 2856) in paragraph at lines 78--83
[]\OT1/cmr/m/sc/9 Mokowitz, C.  \OT1/cmr/m/n/9 First Piece Of Chi-nese Space St
a-tion As-sem-bled For
 []

[21])
Package atveryend Info: Empty hook `BeforeClearDocument' on input line 143.
 [22]
Package atveryend Info: Empty hook `AfterLastShipout' on input line 143.
 (C:\Users\jonas\Downloads\llncs2e\typeinst.aux)
Package atveryend Info: Executing hook `AtVeryEndDocument' on input line 143.
Package atveryend Info: Executing hook `AtEndAfterFileList' on input line 143.
Package rerunfilecheck Info: File `typeinst.out' has not changed.
(rerunfilecheck)             Checksum: D410719242CD76221044E40BD595FA9A;1775.


LaTeX Warning: There were multiply-defined labels.

Package atveryend Info: Empty hook `AtVeryVeryEnd' on input line 143.
 ) 
Here is how much of TeX's memory you used:
 9731 strings out of 494045
 142559 string characters out of 3145968
 297560 words of memory out of 3000000
 12754 multiletter control sequences out of 15000+200000
 12111 words of font info for 47 fonts, out of 3000000 for 9000
 715 hyphenation exceptions out of 8191
 42i,15n,49p,1695b,1302s stack positions out of 5000i,500n,10000p,200000b,50000s
<C:/Program Files (x86)/MiKTeX 2.9/fonts/type1/public/amsfonts/cm/cmbx10.pfb>
<C:/Program Files (x86)/MiKTeX 2.9/fonts/type1/public/amsfonts/cm/cmbx12.pfb><C
:/Program Files (x86)/MiKTeX 2.9/fonts/type1/public/amsfonts/cm/cmbx9.pfb><C:/P
rogram Files (x86)/MiKTeX 2.9/fonts/type1/public/amsfonts/cm/cmcsc10.pfb><C:/Pr
ogram Files (x86)/MiKTeX 2.9/fonts/type1/public/amsfonts/cm/cmitt10.pfb><C:/Pro
gram Files (x86)/MiKTeX 2.9/fonts/type1/public/amsfonts/cm/cmmi10.pfb><C:/Progr
am Files (x86)/MiKTeX 2.9/fonts/type1/public/amsfonts/cm/cmmi7.pfb><C:/Program 
Files (x86)/MiKTeX 2.9/fonts/type1/public/amsfonts/cm/cmr10.pfb><C:/Program Fil
es (x86)/MiKTeX 2.9/fonts/type1/public/amsfonts/cm/cmr6.pfb><C:/Program Files (
x86)/MiKTeX 2.9/fonts/type1/public/amsfonts/cm/cmr7.pfb><C:/Program Files (x86)
/MiKTeX 2.9/fonts/type1/public/amsfonts/cm/cmr9.pfb><C:/Program Files (x86)/MiK
TeX 2.9/fonts/type1/public/amsfonts/cm/cmsy10.pfb><C:/Program Files (x86)/MiKTe
X 2.9/fonts/type1/public/amsfonts/cm/cmsy6.pfb><C:/Program Files (x86)/MiKTeX 2
.9/fonts/type1/public/amsfonts/cm/cmsy7.pfb><C:/Program Files (x86)/MiKTeX 2.9/
fonts/type1/public/amsfonts/cm/cmti10.pfb><C:/Program Files (x86)/MiKTeX 2.9/fo
nts/type1/public/amsfonts/cm/cmti7.pfb><C:/Program Files (x86)/MiKTeX 2.9/fonts
/type1/public/amsfonts/cm/cmti9.pfb><C:/Program Files (x86)/MiKTeX 2.9/fonts/ty
pe1/public/amsfonts/cm/cmtt10.pfb><C:/Program Files (x86)/MiKTeX 2.9/fonts/type
1/public/amsfonts/cm/cmtt9.pfb>
Output written on typeinst.pdf (22 pages, 1242928 bytes).
PDF statistics:
 1078 PDF objects out of 1200 (max. 8388607)
 107 named destinations out of 1000 (max. 500000)
 266 words of extra memory for PDF output out of 10000 (max. 10000000)

