\BOOKMARK [0][-]{chapter.1}{A Software Approach to Protecting Embedded System Memory from Single Event Upsets}{}% 1
\BOOKMARK [1][-]{section.1.1}{Introduction}{chapter.1}% 2
\BOOKMARK [1][-]{section.1.2}{Related Work}{chapter.1}% 3
\BOOKMARK [1][-]{section.1.3}{Background}{chapter.1}% 4
\BOOKMARK [2][-]{subsection.1.3.1}{Stack Frame}{section.1.3}% 5
\BOOKMARK [2][-]{subsection.1.3.2}{Function Calls}{section.1.3}% 6
\BOOKMARK [2][-]{subsection.1.3.3}{AVR Toolchain Optimization Levels}{section.1.3}% 7
\BOOKMARK [1][-]{section.1.4}{System Design}{chapter.1}% 8
\BOOKMARK [2][-]{subsection.1.4.1}{Supporting Memory Sections}{section.1.4}% 9
\BOOKMARK [2][-]{subsection.1.4.2}{Injected Code Segments}{section.1.4}% 10
\BOOKMARK [2][-]{subsection.1.4.3}{The ASM Handler}{section.1.4}% 11
\BOOKMARK [3][-]{section*.5}{ASM Metadata}{subsection.1.4.3}% 12
\BOOKMARK [3][-]{section*.7}{Reader}{subsection.1.4.3}% 13
\BOOKMARK [3][-]{section*.8}{Scanner}{subsection.1.4.3}% 14
\BOOKMARK [3][-]{section*.9}{Injector}{subsection.1.4.3}% 15
\BOOKMARK [2][-]{subsection.1.4.4}{Modified Function Execution Process}{section.1.4}% 16
\BOOKMARK [3][-]{section*.10}{Modified Function Invocation Process}{subsection.1.4.4}% 17
\BOOKMARK [3][-]{section*.12}{Modified Function Return Process}{subsection.1.4.4}% 18
\BOOKMARK [1][-]{section.1.5}{Evaluation}{chapter.1}% 19
\BOOKMARK [2][-]{subsection.1.5.1}{Test Applications}{section.1.5}% 20
\BOOKMARK [2][-]{subsection.1.5.2}{Validation}{section.1.5}% 21
\BOOKMARK [2][-]{subsection.1.5.3}{Performance}{section.1.5}% 22
\BOOKMARK [2][-]{subsection.1.5.4}{Physical Hardware}{section.1.5}% 23
\BOOKMARK [1][-]{section.1.6}{Conclusion}{chapter.1}% 24
\BOOKMARK [1][-]{section.1.7}{Acknowledgments}{chapter.1}% 25
