\BOOKMARK [0][-]{chapter.1}{A Software Approach to Protecting Embedded System Memory from Single Event Upsets}{}% 1
\BOOKMARK [1][-]{section.1.1}{Introduction}{chapter.1}% 2
\BOOKMARK [1][-]{section.1.2}{Related Work}{chapter.1}% 3
\BOOKMARK [1][-]{section.1.3}{Background}{chapter.1}% 4
\BOOKMARK [2][-]{subsection.1.3.1}{Stack Frame}{section.1.3}% 5
\BOOKMARK [2][-]{subsection.1.3.2}{Function Calls}{section.1.3}% 6
\BOOKMARK [1][-]{section.1.4}{System Design}{chapter.1}% 7
\BOOKMARK [2][-]{subsection.1.4.1}{Supporting Memory Sections}{section.1.4}% 8
\BOOKMARK [2][-]{subsection.1.4.2}{Injected Code Segments}{section.1.4}% 9
\BOOKMARK [2][-]{subsection.1.4.3}{The ASM Handler}{section.1.4}% 10
\BOOKMARK [3][-]{section*.5}{Reader.}{subsection.1.4.3}% 11
\BOOKMARK [3][-]{section*.6}{Scanner.}{subsection.1.4.3}% 12
\BOOKMARK [3][-]{section*.7}{Injector.}{subsection.1.4.3}% 13
\BOOKMARK [2][-]{subsection.1.4.4}{Modified Function Execution Process}{section.1.4}% 14
\BOOKMARK [3][-]{figure.caption.9}{Modified Function Invocation Process.}{subsection.1.4.4}% 15
\BOOKMARK [3][-]{section*.10}{Modified Function Return Process.}{subsection.1.4.4}% 16
\BOOKMARK [1][-]{section.1.5}{Evaluation}{chapter.1}% 17
\BOOKMARK [2][-]{subsection.1.5.1}{Test Applications}{section.1.5}% 18
\BOOKMARK [2][-]{subsection.1.5.2}{Validation}{section.1.5}% 19
\BOOKMARK [2][-]{subsection.1.5.3}{Performance}{section.1.5}% 20
\BOOKMARK [2][-]{subsection.1.5.4}{Physical Hardware}{section.1.5}% 21
\BOOKMARK [1][-]{section.1.6}{Conclusion}{chapter.1}% 22
\BOOKMARK [1][-]{section.1.7}{Acknowledgments}{chapter.1}% 23
